"20220918094324": INFO: Log Initialized. GameMon started...
"20220918094324": DEBUG: "Starting Loop..."
"20220918094324": DEBUG: "Continue Loop..."
"20220918094326": DEBUG: "Starting Loop..."
"20220918094326": DEBUG: "Continue Loop..."
"20220918094328": DEBUG: "Starting Loop..."
"20220918094328": DEBUG: "Continue Loop..."
"20220918094330": DEBUG: "Starting Loop..."
"20220918094330": DEBUG: "Continue Loop..."
"20220918094331": INFO: "Opera detected! Changed SignalRGB to Pinwheel?speed=1&lineThickness=3&background=%23150720&pinwheelColor=%238bff3c. Changed OpenRGB to Opera"
"20220918094332": DEBUG: "Starting Loop..."
"20220918094332": DEBUG: "Continue Loop..."
"20220918094335": DEBUG: "Starting Loop..."
"20220918094335": DEBUG: "Continue Loop..."
"20220918094336": INFO: "Opera no longer detected! Changed SignalRGB to Rainbow Rise. Changed OpenRGB to General"
"20220918094337": DEBUG: "Starting Loop..."
"20220918094337": DEBUG: "Continue Loop..."
"20220918094338": INFO: "Opera detected! Changed SignalRGB to Pinwheel?speed=1&lineThickness=3&background=%23150720&pinwheelColor=%238bff3c. Changed OpenRGB to Opera"
"20220918094339": DEBUG: "Starting Loop..."
"20220918094339": DEBUG: "Continue Loop..."
"20220918094340": INFO: "Opera no longer detected! Changed SignalRGB to Rainbow Rise. Changed OpenRGB to General"
"20220918094341": DEBUG: "Starting Loop..."
"20220918094341": DEBUG: "Continue Loop..."
"20220918094342": INFO: "Opera detected! Changed SignalRGB to Pinwheel?speed=1&lineThickness=3&background=%23150720&pinwheelColor=%238bff3c. Changed OpenRGB to Opera"
"20220918094343": DEBUG: "Starting Loop..."
"20220918094343": DEBUG: "Continue Loop..."
"20220918094344": INFO: "Opera no longer detected! Changed SignalRGB to Rainbow Rise. Changed OpenRGB to General"
"20220918094345": DEBUG: "Starting Loop..."
