"20220917164920": INFO: Log Initialized. GameMon started...
"20220917171129": DEBUG: "signalrgb://effect/apply/Pinwheel?speed=1^&lineThickness=3^&background=%23150720^&pinwheelColor=%238bff3c^&-silentlaunch-^&-silentlaunch-"
"20220917171129": INFO: "Opera detected! Changed to Pinwheel?speed=1&lineThickness=3&background=%23150720&pinwheelColor=%238bff3c&-silentlaunch-"
"20220917171200": DEBUG: "signalrgb://effect/apply/Rainbow%20Rise?-silentlaunch-"
"20220917171200": INFO: "Opera no longer detected! Changed to Rainbow Rise"
"20220917171219": DEBUG: "signalrgb://effect/apply/Pinwheel?speed=1^&lineThickness=3^&background=%23150720^&pinwheelColor=%238bff3c^&-silentlaunch-^&-silentlaunch-"
"20220917171219": INFO: "Opera detected! Changed to Pinwheel?speed=1&lineThickness=3&background=%23150720&pinwheelColor=%238bff3c&-silentlaunch-"
"20220917171227": DEBUG: "signalrgb://effect/apply/Rainbow%20Rise?-silentlaunch-"
"20220917171227": INFO: "Opera no longer detected! Changed to Rainbow Rise"
"20220917171229": DEBUG: "signalrgb://effect/apply/Pinwheel?speed=1^&lineThickness=3^&background=%23150720^&pinwheelColor=%238bff3c^&-silentlaunch-^&-silentlaunch-"
"20220917171229": INFO: "Opera detected! Changed to Pinwheel?speed=1&lineThickness=3&background=%23150720&pinwheelColor=%238bff3c&-silentlaunch-"
"20220917171414": DEBUG: "signalrgb://effect/apply/Rainbow%20Rise?-silentlaunch-"
"20220917171414": INFO: "Opera no longer detected! Changed to Rainbow Rise"
"20220917171415": DEBUG: "signalrgb://effect/apply/Pinwheel?speed=1^&lineThickness=3^&background=%23150720^&pinwheelColor=%238bff3c^&-silentlaunch-^&-silentlaunch-"
"20220917171415": INFO: "Opera detected! Changed to Pinwheel?speed=1&lineThickness=3&background=%23150720&pinwheelColor=%238bff3c&-silentlaunch-"
"20220917171424": DEBUG: "signalrgb://effect/apply/Rainbow%20Rise?-silentlaunch-"
"20220917171424": INFO: "Opera no longer detected! Changed to Rainbow Rise"
"20220917171543": DEBUG: "signalrgb://effect/apply/Pinwheel?speed=1^&lineThickness=3^&background=%23150720^&pinwheelColor=%238bff3c^&-silentlaunch-^&-silentlaunch-"
"20220917171543": INFO: "Opera detected! Changed to Pinwheel?speed=1&lineThickness=3&background=%23150720&pinwheelColor=%238bff3c&-silentlaunch-"
"20220917171545": DEBUG: "signalrgb://effect/apply/Rainbow%20Rise?-silentlaunch-"
"20220917171545": INFO: "Opera no longer detected! Changed to Rainbow Rise"
"20220917171558": DEBUG: "signalrgb://effect/apply/Pinwheel?speed=1^&lineThickness=3^&background=%23150720^&pinwheelColor=%238bff3c^&-silentlaunch-^&-silentlaunch-"
"20220917171558": INFO: "Opera detected! Changed to Pinwheel?speed=1&lineThickness=3&background=%23150720&pinwheelColor=%238bff3c&-silentlaunch-"
"20220917171605": DEBUG: "signalrgb://effect/apply/Rainbow%20Rise?-silentlaunch-"
"20220917171605": INFO: "Opera no longer detected! Changed to Rainbow Rise"
