"20220918174630": INFO: Log Initialized. GameMon started...
"20220918174631": DEBUG: "Screensaver is C:\\Windows\\SysWOW64\\Hyperspace.scr"
"20220918174632": DEBUG: "Screensaver is C:\\Windows\\SysWOW64\\Hyperspace.scr"
"20220918174632": ERROR: "General is already running"
"20220918174633": DEBUG: "Screensaver is C:\\Windows\\SysWOW64\\Hyperspace.scr"
"20220918174633": DEBUG: "Screensaver is C:\\Windows\\SysWOW64\\Hyperspace.scr"
"20220918174633": ERROR: "General is already running"
"20220918174634": DEBUG: "Screensaver is C:\\Windows\\SysWOW64\\Hyperspace.scr"
"20220918174635": DEBUG: "Screensaver is C:\\Windows\\SysWOW64\\Hyperspace.scr"
"20220918174635": ERROR: "General is already running"
"20220918174636": DEBUG: "Screensaver is C:\\Windows\\SysWOW64\\Hyperspace.scr"
"20220918174636": DEBUG: "Screensaver is C:\\Windows\\SysWOW64\\Hyperspace.scr"
"20220918174636": ERROR: "General is already running"
"20220918174638": DEBUG: "Screensaver is C:\\Windows\\SysWOW64\\Hyperspace.scr"
"20220918174638": DEBUG: "Screensaver is C:\\Windows\\SysWOW64\\Hyperspace.scr"
"20220918174638": ERROR: "General is already running"
"20220918174640": DEBUG: "Screensaver is C:\\Windows\\SysWOW64\\Hyperspace.scr"
"20220918174641": INFO: "Screensaver detected! Changed SignalRGB to Screen Ambience. Changed OpenRGB to Ambient"
"20220918174641": DEBUG: "Screensaver is C:\\Windows\\SysWOW64\\Hyperspace.scr"
"20220918174642": ERROR: "Screensaver is already running"
"20220918174643": DEBUG: "Screensaver is C:\\Windows\\SysWOW64\\Hyperspace.scr"
"20220918174643": DEBUG: "Screensaver is C:\\Windows\\SysWOW64\\Hyperspace.scr"
"20220918174643": ERROR: "Screensaver is already running"
"20220918174644": DEBUG: "Screensaver is C:\\Windows\\SysWOW64\\Hyperspace.scr"
"20220918174644": DEBUG: "Screensaver is C:\\Windows\\SysWOW64\\Hyperspace.scr"
"20220918174645": ERROR: "Screensaver is already running"
"20220918174646": DEBUG: "Screensaver is C:\\Windows\\SysWOW64\\Hyperspace.scr"
"20220918174646": DEBUG: "Screensaver is C:\\Windows\\SysWOW64\\Hyperspace.scr"
"20220918174646": ERROR: "Screensaver is already running"
"20220918174647": DEBUG: "Screensaver is C:\\Windows\\SysWOW64\\Hyperspace.scr"
"20220918174648": DEBUG: "Screensaver is C:\\Windows\\SysWOW64\\Hyperspace.scr"
"20220918174648": ERROR: "Screensaver is already running"
"20220918174649": DEBUG: "Screensaver is C:\\Windows\\SysWOW64\\Hyperspace.scr"
"20220918174649": DEBUG: "Screensaver is C:\\Windows\\SysWOW64\\Hyperspace.scr"
"20220918174650": ERROR: "Screensaver is already running"
"20220918174651": DEBUG: "Screensaver is C:\\Windows\\SysWOW64\\Hyperspace.scr"
"20220918174651": DEBUG: "Screensaver is C:\\Windows\\SysWOW64\\Hyperspace.scr"
"20220918174651": ERROR: "Screensaver is already running"
"20220918174654": DEBUG: "Screensaver is C:\\Windows\\SysWOW64\\Hyperspace.scr"
"20220918174654": DEBUG: "Screensaver is C:\\Windows\\SysWOW64\\Hyperspace.scr"
"20220918174654": ERROR: "Screensaver is already running"
"20220918174656": DEBUG: "Screensaver is C:\\Windows\\SysWOW64\\Hyperspace.scr"
"20220918174657": DEBUG: "Screensaver is C:\\Windows\\SysWOW64\\Hyperspace.scr"
"20220918174657": ERROR: "Screensaver is already running"
"20220918174659": DEBUG: "Screensaver is C:\\Windows\\SysWOW64\\Hyperspace.scr"
"20220918174659": DEBUG: "Screensaver is C:\\Windows\\SysWOW64\\Hyperspace.scr"
"20220918174659": ERROR: "Screensaver is already running"
"20220918174701": DEBUG: "Screensaver is C:\\Windows\\SysWOW64\\Hyperspace.scr"
"20220918174701": DEBUG: "Screensaver is C:\\Windows\\SysWOW64\\Hyperspace.scr"
"20220918174701": ERROR: "Screensaver is already running"
"20220918174703": DEBUG: "Screensaver is C:\\Windows\\SysWOW64\\Hyperspace.scr"
"20220918174703": DEBUG: "Screensaver is C:\\Windows\\SysWOW64\\Hyperspace.scr"
"20220918174703": ERROR: "Screensaver is already running"
"20220918174704": DEBUG: "Screensaver is C:\\Windows\\SysWOW64\\Hyperspace.scr"
"20220918174705": DEBUG: "Screensaver is C:\\Windows\\SysWOW64\\Hyperspace.scr"
"20220918174705": ERROR: "Screensaver is already running"
"20220918174706": DEBUG: "Screensaver is C:\\Windows\\SysWOW64\\Hyperspace.scr"
"20220918174706": DEBUG: "Screensaver is C:\\Windows\\SysWOW64\\Hyperspace.scr"
"20220918174706": ERROR: "Screensaver is already running"
"20220918174708": DEBUG: "Screensaver is C:\\Windows\\SysWOW64\\Hyperspace.scr"
"20220918174709": INFO: "Screensaver no longer detected! Changed SignalRGB to Rainbow Rise. Changed OpenRGB to General"
"20220918174710": DEBUG: "Screensaver is C:\\Windows\\SysWOW64\\Hyperspace.scr"
"20220918174710": ERROR: "General is already running"
"20220918174711": DEBUG: "Screensaver is C:\\Windows\\SysWOW64\\Hyperspace.scr"
"20220918174711": DEBUG: "Screensaver is C:\\Windows\\SysWOW64\\Hyperspace.scr"
"20220918174711": ERROR: "General is already running"
"20220918174713": DEBUG: "Screensaver is C:\\Windows\\SysWOW64\\Hyperspace.scr"
"20220918174713": DEBUG: "Screensaver is C:\\Windows\\SysWOW64\\Hyperspace.scr"
"20220918174713": ERROR: "General is already running"
"20220918174714": DEBUG: "Screensaver is C:\\Windows\\SysWOW64\\Hyperspace.scr"
"20220918174714": DEBUG: "Screensaver is C:\\Windows\\SysWOW64\\Hyperspace.scr"
"20220918174715": ERROR: "General is already running"
"20220918174716": DEBUG: "Screensaver is C:\\Windows\\SysWOW64\\Hyperspace.scr"
"20220918174716": DEBUG: "Screensaver is C:\\Windows\\SysWOW64\\Hyperspace.scr"
"20220918174716": ERROR: "General is already running"
"20220918174717": DEBUG: "Screensaver is C:\\Windows\\SysWOW64\\Hyperspace.scr"
"20220918174717": DEBUG: "Screensaver is C:\\Windows\\SysWOW64\\Hyperspace.scr"
"20220918174717": ERROR: "General is already running"
"20220918174719": DEBUG: "Screensaver is C:\\Windows\\SysWOW64\\Hyperspace.scr"
"20220918174719": DEBUG: "Screensaver is C:\\Windows\\SysWOW64\\Hyperspace.scr"
"20220918174719": ERROR: "General is already running"
"20220918174720": DEBUG: "Screensaver is C:\\Windows\\SysWOW64\\Hyperspace.scr"
"20220918174720": DEBUG: "Screensaver is C:\\Windows\\SysWOW64\\Hyperspace.scr"
"20220918174720": ERROR: "General is already running"
"20220918174721": DEBUG: "Screensaver is C:\\Windows\\SysWOW64\\Hyperspace.scr"
"20220918174721": DEBUG: "Screensaver is C:\\Windows\\SysWOW64\\Hyperspace.scr"
"20220918174721": ERROR: "General is already running"
"20220918174723": DEBUG: "Screensaver is C:\\Windows\\SysWOW64\\Hyperspace.scr"
"20220918174723": DEBUG: "Screensaver is C:\\Windows\\SysWOW64\\Hyperspace.scr"
"20220918174723": ERROR: "General is already running"
"20220918174724": DEBUG: "Screensaver is C:\\Windows\\SysWOW64\\Hyperspace.scr"
"20220918174725": DEBUG: "Screensaver is C:\\Windows\\SysWOW64\\Hyperspace.scr"
"20220918174725": ERROR: "General is already running"
"20220918174726": DEBUG: "Screensaver is C:\\Windows\\SysWOW64\\Hyperspace.scr"
"20220918174726": DEBUG: "Screensaver is C:\\Windows\\SysWOW64\\Hyperspace.scr"
"20220918174726": ERROR: "General is already running"
"20220918174728": DEBUG: "Screensaver is C:\\Windows\\SysWOW64\\Hyperspace.scr"
"20220918174728": DEBUG: "Screensaver is C:\\Windows\\SysWOW64\\Hyperspace.scr"
"20220918174728": ERROR: "General is already running"
"20220918174729": DEBUG: "Screensaver is C:\\Windows\\SysWOW64\\Hyperspace.scr"
"20220918174729": DEBUG: "Screensaver is C:\\Windows\\SysWOW64\\Hyperspace.scr"
"20220918174729": ERROR: "General is already running"
"20220918174730": DEBUG: "Screensaver is C:\\Windows\\SysWOW64\\Hyperspace.scr"
"20220918174731": DEBUG: "Screensaver is C:\\Windows\\SysWOW64\\Hyperspace.scr"
"20220918174731": ERROR: "General is already running"
"20220918174732": DEBUG: "Screensaver is C:\\Windows\\SysWOW64\\Hyperspace.scr"
"20220918174732": DEBUG: "Screensaver is C:\\Windows\\SysWOW64\\Hyperspace.scr"
"20220918174732": ERROR: "General is already running"
"20220918174733": DEBUG: "Screensaver is C:\\Windows\\SysWOW64\\Hyperspace.scr"
"20220918174733": DEBUG: "Screensaver is C:\\Windows\\SysWOW64\\Hyperspace.scr"
"20220918174734": ERROR: "General is already running"
"20220918174735": DEBUG: "Screensaver is C:\\Windows\\SysWOW64\\Hyperspace.scr"
"20220918174735": DEBUG: "Screensaver is C:\\Windows\\SysWOW64\\Hyperspace.scr"
"20220918174735": ERROR: "General is already running"
"20220918174736": DEBUG: "Screensaver is C:\\Windows\\SysWOW64\\Hyperspace.scr"
"20220918174737": DEBUG: "Screensaver is C:\\Windows\\SysWOW64\\Hyperspace.scr"
"20220918174737": ERROR: "General is already running"
"20220918174738": DEBUG: "Screensaver is C:\\Windows\\SysWOW64\\Hyperspace.scr"
"20220918174738": DEBUG: "Screensaver is C:\\Windows\\SysWOW64\\Hyperspace.scr"
"20220918174738": ERROR: "General is already running"
"20220918174740": DEBUG: "Screensaver is C:\\Windows\\SysWOW64\\Hyperspace.scr"
"20220918174740": DEBUG: "Screensaver is C:\\Windows\\SysWOW64\\Hyperspace.scr"
"20220918174740": ERROR: "General is already running"
"20220918174741": DEBUG: "Screensaver is C:\\Windows\\SysWOW64\\Hyperspace.scr"
"20220918174742": DEBUG: "Screensaver is C:\\Windows\\SysWOW64\\Hyperspace.scr"
"20220918174742": ERROR: "General is already running"
"20220918174743": DEBUG: "Screensaver is C:\\Windows\\SysWOW64\\Hyperspace.scr"
"20220918174743": DEBUG: "Screensaver is C:\\Windows\\SysWOW64\\Hyperspace.scr"
"20220918174743": ERROR: "General is already running"
"20220918174744": DEBUG: "Screensaver is C:\\Windows\\SysWOW64\\Hyperspace.scr"
"20220918174744": DEBUG: "Screensaver is C:\\Windows\\SysWOW64\\Hyperspace.scr"
"20220918174744": ERROR: "General is already running"
"20220918174746": DEBUG: "Screensaver is C:\\Windows\\SysWOW64\\Hyperspace.scr"
"20220918174746": DEBUG: "Screensaver is C:\\Windows\\SysWOW64\\Hyperspace.scr"
"20220918174746": ERROR: "General is already running"
"20220918174747": DEBUG: "Screensaver is C:\\Windows\\SysWOW64\\Hyperspace.scr"
"20220918174748": DEBUG: "Screensaver is C:\\Windows\\SysWOW64\\Hyperspace.scr"
"20220918174748": ERROR: "General is already running"
